[INFO] Scanning for projects...
[INFO] 
[INFO] ------------< com.codingshuttle.youtube:hospitalManagement >------------
[INFO] Building hospitalManagement 0.0.1-SNAPSHOT
[INFO]   from pom.xml
[INFO] --------------------------------[ jar ]---------------------------------
[INFO] 
[INFO] --- clean:3.4.1:clean (default-clean) @ hospitalManagement ---
[INFO] Deleting D:\Git Hub Project\FCT-JAVA\Advance Java\SpringBoot\Spring Boot Security\spring-boot-data-jpa-hospital-management-system-master\target
[INFO] 
[INFO] --- resources:3.3.1:resources (default-resources) @ hospitalManagement ---
[INFO] Copying 2 resources from src\main\resources to target\classes
[INFO] Copying 1 resource from src\main\resources to target\classes
[INFO] 
[INFO] --- compiler:3.14.0:compile (default-compile) @ hospitalManagement ---
[INFO] Recompiling the module because of changed source code.
[INFO] Compiling 36 source files with javac [debug parameters release 25] to target\classes
[INFO] -------------------------------------------------------------
[ERROR] COMPILATION ERROR : 
[INFO] -------------------------------------------------------------
[ERROR] /D:/Git Hub Project/FCT-JAVA/Advance Java/SpringBoot/Spring Boot Security/spring-boot-data-jpa-hospital-management-system-master/src/main/java/com/codingshuttle/youtube/hospitalManagement/controller/DoctorController.java:[10,2] cannot find symbol
  symbol: class RestController
[ERROR] /D:/Git Hub Project/FCT-JAVA/Advance Java/SpringBoot/Spring Boot Security/spring-boot-data-jpa-hospital-management-system-master/src/main/java/com/codingshuttle/youtube/hospitalManagement/controller/DoctorController.java:[11,2] cannot find symbol
  symbol: class RequestMapping
[ERROR] /D:/Git Hub Project/FCT-JAVA/Advance Java/SpringBoot/Spring Boot Security/spring-boot-data-jpa-hospital-management-system-master/src/main/java/com/codingshuttle/youtube/hospitalManagement/controller/DoctorController.java:[18,27] cannot find symbol
  symbol:   class List
  location: class com.codingshuttle.youtube.hospitalManagement.controller.DoctorController
[ERROR] /D:/Git Hub Project/FCT-JAVA/Advance Java/SpringBoot/Spring Boot Security/spring-boot-data-jpa-hospital-management-system-master/src/main/java/com/codingshuttle/youtube/hospitalManagement/controller/DoctorController.java:[17,6] cannot find symbol
  symbol:   class GetMapping
  location: class com.codingshuttle.youtube.hospitalManagement.controller.DoctorController
[INFO] 4 errors 
[INFO] -------------------------------------------------------------
[INFO] ------------------------------------------------------------------------
[INFO] BUILD FAILURE
[INFO] ------------------------------------------------------------------------
[INFO] Total time:  4.614 s
[INFO] Finished at: 2026-04-01T08:20:04+05:30
[INFO] ------------------------------------------------------------------------
[ERROR] Failed to execute goal org.apache.maven.plugins:maven-compiler-plugin:3.14.0:compile (default-compile) on project hospitalManagement: Compilation failure: Compilation failure: 
[ERROR] /D:/Git Hub Project/FCT-JAVA/Advance Java/SpringBoot/Spring Boot Security/spring-boot-data-jpa-hospital-management-system-master/src/main/java/com/codingshuttle/youtube/hospitalManagement/controller/DoctorController.java:[10,2] cannot find symbol
[ERROR]   symbol: class RestController
[ERROR] /D:/Git Hub Project/FCT-JAVA/Advance Java/SpringBoot/Spring Boot Security/spring-boot-data-jpa-hospital-management-system-master/src/main/java/com/codingshuttle/youtube/hospitalManagement/controller/DoctorController.java:[11,2] cannot find symbol
[ERROR]   symbol: class RequestMapping
[ERROR] /D:/Git Hub Project/FCT-JAVA/Advance Java/SpringBoot/Spring Boot Security/spring-boot-data-jpa-hospital-management-system-master/src/main/java/com/codingshuttle/youtube/hospitalManagement/controller/DoctorController.java:[18,27] cannot find symbol
[ERROR]   symbol:   class List
[ERROR]   location: class com.codingshuttle.youtube.hospitalManagement.controller.DoctorController
[ERROR] /D:/Git Hub Project/FCT-JAVA/Advance Java/SpringBoot/Spring Boot Security/spring-boot-data-jpa-hospital-management-system-master/src/main/java/com/codingshuttle/youtube/hospitalManagement/controller/DoctorController.java:[17,6] cannot find symbol
[ERROR]   symbol:   class GetMapping
[ERROR]   location: class com.codingshuttle.youtube.hospitalManagement.controller.DoctorController
[ERROR] -> [Help 1]
[ERROR] 
[ERROR] To see the full stack trace of the errors, re-run Maven with the -e switch.
[ERROR] Re-run Maven using the -X switch to enable full debug logging.
[ERROR] 
[ERROR] For more information about the errors and possible solutions, please read the following articles:
[ERROR] [Help 1] http://cwiki.apache.org/confluence/display/MAVEN/MojoFailureException
